[2024-06-30 08:40:54,464] {taskinstance.py:896} INFO - Dependencies all met for <TaskInstance: assignment.task_two 2024-06-29T00:00:00+00:00 [queued]>
[2024-06-30 08:40:54,474] {taskinstance.py:896} INFO - Dependencies all met for <TaskInstance: assignment.task_two 2024-06-29T00:00:00+00:00 [queued]>
[2024-06-30 08:40:54,474] {taskinstance.py:1087} INFO - 
--------------------------------------------------------------------------------
[2024-06-30 08:40:54,474] {taskinstance.py:1088} INFO - Starting attempt 2 of 2
[2024-06-30 08:40:54,475] {taskinstance.py:1089} INFO - 
--------------------------------------------------------------------------------
[2024-06-30 08:40:54,487] {taskinstance.py:1107} INFO - Executing <Task(PythonOperator): task_two> on 2024-06-29T00:00:00+00:00
[2024-06-30 08:40:54,491] {standard_task_runner.py:52} INFO - Started process 561 to run task
[2024-06-30 08:40:54,493] {standard_task_runner.py:76} INFO - Running: ['***', 'tasks', 'run', 'assignment', 'task_two', '2024-06-29T00:00:00+00:00', '--job-id', '19', '--pool', 'default_pool', '--raw', '--subdir', 'DAGS_FOLDER/assignment.py', '--cfg-path', '/tmp/tmpf77g73_5', '--error-file', '/tmp/tmpbdkwloa1']
[2024-06-30 08:40:54,493] {standard_task_runner.py:77} INFO - Job 19: Subtask task_two
[2024-06-30 08:40:54,524] {logging_mixin.py:104} INFO - Running <TaskInstance: assignment.task_two 2024-06-29T00:00:00+00:00 [running]> on host 4ecec8cb0ca2
[2024-06-30 08:40:54,557] {taskinstance.py:1302} INFO - Exporting the following env vars:
AIRFLOW_CTX_DAG_OWNER=***
AIRFLOW_CTX_DAG_ID=assignment
AIRFLOW_CTX_TASK_ID=task_two
AIRFLOW_CTX_EXECUTION_DATE=2024-06-29T00:00:00+00:00
AIRFLOW_CTX_DAG_RUN_ID=scheduled__2024-06-29T00:00:00+00:00
[2024-06-30 08:40:54,559] {python.py:151} INFO - Done. Returned value was: None
[2024-06-30 08:40:54,569] {taskinstance.py:1211} INFO - Marking task as SUCCESS. dag_id=assignment, task_id=task_two, execution_date=20240629T000000, start_date=20240630T084054, end_date=20240630T084054
[2024-06-30 08:40:54,592] {taskinstance.py:1265} INFO - 1 downstream tasks scheduled from follow-on schedule check
[2024-06-30 08:40:54,626] {local_task_job.py:151} INFO - Task exited with return code 0
