[2025-03-16 06:49:59,795] {taskinstance.py:896} INFO - Dependencies all met for <TaskInstance: assignment.task_five 2024-11-27T00:00:00+00:00 [queued]>
[2025-03-16 06:49:59,808] {taskinstance.py:896} INFO - Dependencies all met for <TaskInstance: assignment.task_five 2024-11-27T00:00:00+00:00 [queued]>
[2025-03-16 06:49:59,808] {taskinstance.py:1087} INFO - 
--------------------------------------------------------------------------------
[2025-03-16 06:49:59,808] {taskinstance.py:1088} INFO - Starting attempt 1 of 1
[2025-03-16 06:49:59,809] {taskinstance.py:1089} INFO - 
--------------------------------------------------------------------------------
[2025-03-16 06:49:59,815] {taskinstance.py:1107} INFO - Executing <Task(PythonOperator): task_five> on 2024-11-27T00:00:00+00:00
[2025-03-16 06:49:59,819] {standard_task_runner.py:52} INFO - Started process 196 to run task
[2025-03-16 06:49:59,822] {standard_task_runner.py:76} INFO - Running: ['***', 'tasks', 'run', 'assignment', 'task_five', '2024-11-27T00:00:00+00:00', '--job-id', '48', '--pool', 'default_pool', '--raw', '--subdir', 'DAGS_FOLDER/assignment.py', '--cfg-path', '/tmp/tmp4xt9j_jp', '--error-file', '/tmp/tmp9ef4ibul']
[2025-03-16 06:49:59,822] {standard_task_runner.py:77} INFO - Job 48: Subtask task_five
[2025-03-16 06:49:59,855] {logging_mixin.py:104} INFO - Running <TaskInstance: assignment.task_five 2024-11-27T00:00:00+00:00 [running]> on host 4ecec8cb0ca2
[2025-03-16 06:49:59,893] {taskinstance.py:1302} INFO - Exporting the following env vars:
AIRFLOW_CTX_DAG_OWNER=***
AIRFLOW_CTX_DAG_ID=assignment
AIRFLOW_CTX_TASK_ID=task_five
AIRFLOW_CTX_EXECUTION_DATE=2024-11-27T00:00:00+00:00
AIRFLOW_CTX_DAG_RUN_ID=scheduled__2024-11-27T00:00:00+00:00
[2025-03-16 06:49:59,895] {logging_mixin.py:104} INFO - wrote file words.json
[2025-03-16 06:49:59,896] {python.py:151} INFO - Done. Returned value was: None
[2025-03-16 06:49:59,905] {taskinstance.py:1211} INFO - Marking task as SUCCESS. dag_id=assignment, task_id=task_five, execution_date=20241127T000000, start_date=20250316T064959, end_date=20250316T064959
[2025-03-16 06:49:59,925] {taskinstance.py:1265} INFO - 0 downstream tasks scheduled from follow-on schedule check
[2025-03-16 06:49:59,955] {local_task_job.py:151} INFO - Task exited with return code 0
