[2024-06-30 08:37:02,182] {taskinstance.py:896} INFO - Dependencies all met for <TaskInstance: assignment.task_zero 2024-06-29T00:00:00+00:00 [queued]>
[2024-06-30 08:37:02,195] {taskinstance.py:896} INFO - Dependencies all met for <TaskInstance: assignment.task_zero 2024-06-29T00:00:00+00:00 [queued]>
[2024-06-30 08:37:02,195] {taskinstance.py:1087} INFO - 
--------------------------------------------------------------------------------
[2024-06-30 08:37:02,196] {taskinstance.py:1088} INFO - Starting attempt 4 of 6
[2024-06-30 08:37:02,196] {taskinstance.py:1089} INFO - 
--------------------------------------------------------------------------------
[2024-06-30 08:37:02,209] {taskinstance.py:1107} INFO - Executing <Task(BashOperator): task_zero> on 2024-06-29T00:00:00+00:00
[2024-06-30 08:37:02,213] {standard_task_runner.py:52} INFO - Started process 139 to run task
[2024-06-30 08:37:02,215] {standard_task_runner.py:76} INFO - Running: ['***', 'tasks', 'run', 'assignment', 'task_zero', '2024-06-29T00:00:00+00:00', '--job-id', '16', '--pool', 'default_pool', '--raw', '--subdir', 'DAGS_FOLDER/assignment.py', '--cfg-path', '/tmp/tmpnj5ej5jf', '--error-file', '/tmp/tmpum5ep07v']
[2024-06-30 08:37:02,216] {standard_task_runner.py:77} INFO - Job 16: Subtask task_zero
[2024-06-30 08:37:02,250] {logging_mixin.py:104} INFO - Running <TaskInstance: assignment.task_zero 2024-06-29T00:00:00+00:00 [running]> on host 4ecec8cb0ca2
[2024-06-30 08:37:02,291] {taskinstance.py:1302} INFO - Exporting the following env vars:
AIRFLOW_CTX_DAG_OWNER=***
AIRFLOW_CTX_DAG_ID=assignment
AIRFLOW_CTX_TASK_ID=task_zero
AIRFLOW_CTX_EXECUTION_DATE=2024-06-29T00:00:00+00:00
AIRFLOW_CTX_DAG_RUN_ID=scheduled__2024-06-29T00:00:00+00:00
[2024-06-30 08:37:02,292] {subprocess.py:52} INFO - Tmp dir root location: 
 /tmp
[2024-06-30 08:37:02,292] {subprocess.py:63} INFO - Running command: ['bash', '-c', 'pip install beautifulsoup4']
[2024-06-30 08:37:02,299] {subprocess.py:75} INFO - Output:
[2024-06-30 08:37:03,532] {subprocess.py:79} INFO - Defaulting to user installation because normal site-packages is not writeable
[2024-06-30 08:37:03,756] {subprocess.py:79} INFO - Collecting beautifulsoup4
[2024-06-30 08:37:03,864] {subprocess.py:79} INFO -   Downloading beautifulsoup4-4.12.3-py3-none-any.whl (147 kB)
[2024-06-30 08:37:03,986] {subprocess.py:79} INFO - Collecting soupsieve>1.2
[2024-06-30 08:37:04,003] {subprocess.py:79} INFO -   Downloading soupsieve-2.3.2.post1-py3-none-any.whl (37 kB)
[2024-06-30 08:37:07,455] {subprocess.py:79} INFO - Installing collected packages: soupsieve, beautifulsoup4
[2024-06-30 08:37:07,645] {subprocess.py:79} INFO - Successfully installed beautifulsoup4-4.12.3 soupsieve-2.3.2.post1
[2024-06-30 08:37:07,952] {subprocess.py:83} INFO - Command exited with return code 0
[2024-06-30 08:37:07,978] {taskinstance.py:1211} INFO - Marking task as SUCCESS. dag_id=assignment, task_id=task_zero, execution_date=20240629T000000, start_date=20240630T083702, end_date=20240630T083707
[2024-06-30 08:37:08,003] {taskinstance.py:1265} INFO - 1 downstream tasks scheduled from follow-on schedule check
[2024-06-30 08:37:08,043] {local_task_job.py:151} INFO - Task exited with return code 0
