[2025-03-16 06:48:37,678] {taskinstance.py:896} INFO - Dependencies all met for <TaskInstance: assignment.task_one 2024-11-27T00:00:00+00:00 [queued]>
[2025-03-16 06:48:37,703] {taskinstance.py:896} INFO - Dependencies all met for <TaskInstance: assignment.task_one 2024-11-27T00:00:00+00:00 [queued]>
[2025-03-16 06:48:37,705] {taskinstance.py:1087} INFO - 
--------------------------------------------------------------------------------
[2025-03-16 06:48:37,705] {taskinstance.py:1088} INFO - Starting attempt 1 of 1
[2025-03-16 06:48:37,705] {taskinstance.py:1089} INFO - 
--------------------------------------------------------------------------------
[2025-03-16 06:48:37,734] {taskinstance.py:1107} INFO - Executing <Task(PythonOperator): task_one> on 2024-11-27T00:00:00+00:00
[2025-03-16 06:48:37,738] {standard_task_runner.py:52} INFO - Started process 87 to run task
[2025-03-16 06:48:37,741] {standard_task_runner.py:76} INFO - Running: ['***', 'tasks', 'run', 'assignment', 'task_one', '2024-11-27T00:00:00+00:00', '--job-id', '41', '--pool', 'default_pool', '--raw', '--subdir', 'DAGS_FOLDER/assignment.py', '--cfg-path', '/tmp/tmpucwnsb3p', '--error-file', '/tmp/tmpvrz6ueow']
[2025-03-16 06:48:37,744] {standard_task_runner.py:77} INFO - Job 41: Subtask task_one
[2025-03-16 06:48:37,812] {logging_mixin.py:104} INFO - Running <TaskInstance: assignment.task_one 2024-11-27T00:00:00+00:00 [running]> on host 4ecec8cb0ca2
[2025-03-16 06:48:37,871] {taskinstance.py:1302} INFO - Exporting the following env vars:
AIRFLOW_CTX_DAG_OWNER=***
AIRFLOW_CTX_DAG_ID=assignment
AIRFLOW_CTX_TASK_ID=task_one
AIRFLOW_CTX_EXECUTION_DATE=2024-11-27T00:00:00+00:00
AIRFLOW_CTX_DAG_RUN_ID=scheduled__2024-11-27T00:00:00+00:00
[2025-03-16 06:48:38,487] {logging_mixin.py:104} INFO - wrote file: m1a.html
[2025-03-16 06:48:38,487] {logging_mixin.py:104} INFO - pulled: m1a.html
[2025-03-16 06:48:38,488] {logging_mixin.py:104} INFO - --- waiting ---
[2025-03-16 06:48:53,852] {logging_mixin.py:104} INFO - wrote file: m1b.html
[2025-03-16 06:48:53,852] {logging_mixin.py:104} INFO - pulled: m1b.html
[2025-03-16 06:48:53,853] {logging_mixin.py:104} INFO - --- waiting ---
[2025-03-16 06:49:09,272] {logging_mixin.py:104} INFO - wrote file: m1c.html
[2025-03-16 06:49:09,273] {logging_mixin.py:104} INFO - pulled: m1c.html
[2025-03-16 06:49:09,273] {logging_mixin.py:104} INFO - --- waiting ---
[2025-03-16 06:49:24,691] {logging_mixin.py:104} INFO - wrote file: m2a.html
[2025-03-16 06:49:24,691] {logging_mixin.py:104} INFO - pulled: m2a.html
[2025-03-16 06:49:24,692] {logging_mixin.py:104} INFO - --- waiting ---
[2025-03-16 06:49:40,232] {logging_mixin.py:104} INFO - wrote file: m2b.html
[2025-03-16 06:49:40,233] {logging_mixin.py:104} INFO - pulled: m2b.html
[2025-03-16 06:49:40,233] {logging_mixin.py:104} INFO - --- waiting ---
[2025-03-16 06:49:55,246] {python.py:151} INFO - Done. Returned value was: None
[2025-03-16 06:49:55,256] {taskinstance.py:1211} INFO - Marking task as SUCCESS. dag_id=assignment, task_id=task_one, execution_date=20241127T000000, start_date=20250316T064837, end_date=20250316T064955
[2025-03-16 06:49:55,280] {taskinstance.py:1265} INFO - 1 downstream tasks scheduled from follow-on schedule check
[2025-03-16 06:49:55,299] {local_task_job.py:151} INFO - Task exited with return code 0
