[2024-11-27 06:29:52,712] {taskinstance.py:896} INFO - Dependencies all met for <TaskInstance: assignment.task_two 2024-11-26T00:00:00+00:00 [queued]>
[2024-11-27 06:29:52,728] {taskinstance.py:896} INFO - Dependencies all met for <TaskInstance: assignment.task_two 2024-11-26T00:00:00+00:00 [queued]>
[2024-11-27 06:29:52,728] {taskinstance.py:1087} INFO - 
--------------------------------------------------------------------------------
[2024-11-27 06:29:52,728] {taskinstance.py:1088} INFO - Starting attempt 1 of 1
[2024-11-27 06:29:52,728] {taskinstance.py:1089} INFO - 
--------------------------------------------------------------------------------
[2024-11-27 06:29:52,735] {taskinstance.py:1107} INFO - Executing <Task(PythonOperator): task_two> on 2024-11-26T00:00:00+00:00
[2024-11-27 06:29:52,738] {standard_task_runner.py:52} INFO - Started process 181 to run task
[2024-11-27 06:29:52,741] {standard_task_runner.py:76} INFO - Running: ['***', 'tasks', 'run', 'assignment', 'task_two', '2024-11-26T00:00:00+00:00', '--job-id', '30', '--pool', 'default_pool', '--raw', '--subdir', 'DAGS_FOLDER/assignment.py', '--cfg-path', '/tmp/tmpmkr877c3', '--error-file', '/tmp/tmpy2av_1cd']
[2024-11-27 06:29:52,741] {standard_task_runner.py:77} INFO - Job 30: Subtask task_two
[2024-11-27 06:29:52,788] {logging_mixin.py:104} INFO - Running <TaskInstance: assignment.task_two 2024-11-26T00:00:00+00:00 [running]> on host 4ecec8cb0ca2
[2024-11-27 06:29:52,832] {taskinstance.py:1302} INFO - Exporting the following env vars:
AIRFLOW_CTX_DAG_OWNER=***
AIRFLOW_CTX_DAG_ID=assignment
AIRFLOW_CTX_TASK_ID=task_two
AIRFLOW_CTX_EXECUTION_DATE=2024-11-26T00:00:00+00:00
AIRFLOW_CTX_DAG_RUN_ID=scheduled__2024-11-26T00:00:00+00:00
[2024-11-27 06:29:52,834] {python.py:151} INFO - Done. Returned value was: None
[2024-11-27 06:29:52,845] {taskinstance.py:1211} INFO - Marking task as SUCCESS. dag_id=assignment, task_id=task_two, execution_date=20241126T000000, start_date=20241127T062952, end_date=20241127T062952
[2024-11-27 06:29:52,872] {taskinstance.py:1265} INFO - 1 downstream tasks scheduled from follow-on schedule check
[2024-11-27 06:29:52,915] {local_task_job.py:151} INFO - Task exited with return code 0
