[2025-03-16 06:49:58,627] {taskinstance.py:896} INFO - Dependencies all met for <TaskInstance: assignment.task_four 2024-11-27T00:00:00+00:00 [queued]>
[2025-03-16 06:49:58,658] {taskinstance.py:896} INFO - Dependencies all met for <TaskInstance: assignment.task_four 2024-11-27T00:00:00+00:00 [queued]>
[2025-03-16 06:49:58,659] {taskinstance.py:1087} INFO - 
--------------------------------------------------------------------------------
[2025-03-16 06:49:58,660] {taskinstance.py:1088} INFO - Starting attempt 1 of 1
[2025-03-16 06:49:58,660] {taskinstance.py:1089} INFO - 
--------------------------------------------------------------------------------
[2025-03-16 06:49:58,674] {taskinstance.py:1107} INFO - Executing <Task(PythonOperator): task_four> on 2024-11-27T00:00:00+00:00
[2025-03-16 06:49:58,682] {standard_task_runner.py:76} INFO - Running: ['***', 'tasks', 'run', 'assignment', 'task_four', '2024-11-27T00:00:00+00:00', '--job-id', '46', '--pool', 'default_pool', '--raw', '--subdir', 'DAGS_FOLDER/assignment.py', '--cfg-path', '/tmp/tmpc8u48wo5', '--error-file', '/tmp/tmpqts2_dye']
[2025-03-16 06:49:58,679] {standard_task_runner.py:52} INFO - Started process 193 to run task
[2025-03-16 06:49:58,683] {standard_task_runner.py:77} INFO - Job 46: Subtask task_four
[2025-03-16 06:49:58,722] {logging_mixin.py:104} INFO - Running <TaskInstance: assignment.task_four 2024-11-27T00:00:00+00:00 [running]> on host 4ecec8cb0ca2
[2025-03-16 06:49:58,762] {taskinstance.py:1302} INFO - Exporting the following env vars:
AIRFLOW_CTX_DAG_OWNER=***
AIRFLOW_CTX_DAG_ID=assignment
AIRFLOW_CTX_TASK_ID=task_four
AIRFLOW_CTX_EXECUTION_DATE=2024-11-27T00:00:00+00:00
AIRFLOW_CTX_DAG_RUN_ID=scheduled__2024-11-27T00:00:00+00:00
[2025-03-16 06:49:58,765] {logging_mixin.py:104} INFO - wrote file: titles_clean.json
[2025-03-16 06:49:58,766] {python.py:151} INFO - Done. Returned value was: None
[2025-03-16 06:49:58,775] {taskinstance.py:1211} INFO - Marking task as SUCCESS. dag_id=assignment, task_id=task_four, execution_date=20241127T000000, start_date=20250316T064958, end_date=20250316T064958
[2025-03-16 06:49:58,799] {taskinstance.py:1265} INFO - 1 downstream tasks scheduled from follow-on schedule check
[2025-03-16 06:49:58,816] {local_task_job.py:151} INFO - Task exited with return code 0
