[2024-11-27 06:29:53,842] {taskinstance.py:896} INFO - Dependencies all met for <TaskInstance: assignment.task_three 2024-11-26T00:00:00+00:00 [queued]>
[2024-11-27 06:29:53,854] {taskinstance.py:896} INFO - Dependencies all met for <TaskInstance: assignment.task_three 2024-11-26T00:00:00+00:00 [queued]>
[2024-11-27 06:29:53,854] {taskinstance.py:1087} INFO - 
--------------------------------------------------------------------------------
[2024-11-27 06:29:53,854] {taskinstance.py:1088} INFO - Starting attempt 1 of 1
[2024-11-27 06:29:53,854] {taskinstance.py:1089} INFO - 
--------------------------------------------------------------------------------
[2024-11-27 06:29:53,860] {taskinstance.py:1107} INFO - Executing <Task(PythonOperator): task_three> on 2024-11-26T00:00:00+00:00
[2024-11-27 06:29:53,864] {standard_task_runner.py:52} INFO - Started process 184 to run task
[2024-11-27 06:29:53,866] {standard_task_runner.py:76} INFO - Running: ['***', 'tasks', 'run', 'assignment', 'task_three', '2024-11-26T00:00:00+00:00', '--job-id', '31', '--pool', 'default_pool', '--raw', '--subdir', 'DAGS_FOLDER/assignment.py', '--cfg-path', '/tmp/tmpfis2vt4g', '--error-file', '/tmp/tmpoqw0t87o']
[2024-11-27 06:29:53,867] {standard_task_runner.py:77} INFO - Job 31: Subtask task_three
[2024-11-27 06:29:53,895] {logging_mixin.py:104} INFO - Running <TaskInstance: assignment.task_three 2024-11-26T00:00:00+00:00 [running]> on host 4ecec8cb0ca2
[2024-11-27 06:29:53,929] {taskinstance.py:1302} INFO - Exporting the following env vars:
AIRFLOW_CTX_DAG_OWNER=***
AIRFLOW_CTX_DAG_ID=assignment
AIRFLOW_CTX_TASK_ID=task_three
AIRFLOW_CTX_EXECUTION_DATE=2024-11-26T00:00:00+00:00
AIRFLOW_CTX_DAG_RUN_ID=scheduled__2024-11-26T00:00:00+00:00
[2024-11-27 06:29:54,737] {logging_mixin.py:104} INFO - wrote file: titles.json
[2024-11-27 06:29:54,738] {python.py:151} INFO - Done. Returned value was: None
[2024-11-27 06:29:54,746] {taskinstance.py:1211} INFO - Marking task as SUCCESS. dag_id=assignment, task_id=task_three, execution_date=20241126T000000, start_date=20241127T062953, end_date=20241127T062954
[2024-11-27 06:29:54,783] {taskinstance.py:1265} INFO - 0 downstream tasks scheduled from follow-on schedule check
[2024-11-27 06:29:54,804] {local_task_job.py:151} INFO - Task exited with return code 0
