[2024-11-27 06:29:55,619] {taskinstance.py:896} INFO - Dependencies all met for <TaskInstance: assignment.task_five 2024-06-30T00:00:00+00:00 [queued]>
[2024-11-27 06:29:55,631] {taskinstance.py:896} INFO - Dependencies all met for <TaskInstance: assignment.task_five 2024-06-30T00:00:00+00:00 [queued]>
[2024-11-27 06:29:55,632] {taskinstance.py:1087} INFO - 
--------------------------------------------------------------------------------
[2024-11-27 06:29:55,632] {taskinstance.py:1088} INFO - Starting attempt 1 of 1
[2024-11-27 06:29:55,632] {taskinstance.py:1089} INFO - 
--------------------------------------------------------------------------------
[2024-11-27 06:29:55,639] {taskinstance.py:1107} INFO - Executing <Task(PythonOperator): task_five> on 2024-06-30T00:00:00+00:00
[2024-11-27 06:29:55,641] {standard_task_runner.py:52} INFO - Started process 193 to run task
[2024-11-27 06:29:55,644] {standard_task_runner.py:76} INFO - Running: ['***', 'tasks', 'run', 'assignment', 'task_five', '2024-06-30T00:00:00+00:00', '--job-id', '36', '--pool', 'default_pool', '--raw', '--subdir', 'DAGS_FOLDER/assignment.py', '--cfg-path', '/tmp/tmp3_idesc0', '--error-file', '/tmp/tmpc50xlw_c']
[2024-11-27 06:29:55,644] {standard_task_runner.py:77} INFO - Job 36: Subtask task_five
[2024-11-27 06:29:55,680] {logging_mixin.py:104} INFO - Running <TaskInstance: assignment.task_five 2024-06-30T00:00:00+00:00 [running]> on host 4ecec8cb0ca2
[2024-11-27 06:29:55,714] {taskinstance.py:1302} INFO - Exporting the following env vars:
AIRFLOW_CTX_DAG_OWNER=***
AIRFLOW_CTX_DAG_ID=assignment
AIRFLOW_CTX_TASK_ID=task_five
AIRFLOW_CTX_EXECUTION_DATE=2024-06-30T00:00:00+00:00
AIRFLOW_CTX_DAG_RUN_ID=scheduled__2024-06-30T00:00:00+00:00
[2024-11-27 06:29:55,717] {logging_mixin.py:104} INFO - wrote file words.json
[2024-11-27 06:29:55,717] {python.py:151} INFO - Done. Returned value was: None
[2024-11-27 06:29:55,725] {taskinstance.py:1211} INFO - Marking task as SUCCESS. dag_id=assignment, task_id=task_five, execution_date=20240630T000000, start_date=20241127T062955, end_date=20241127T062955
[2024-11-27 06:29:55,751] {taskinstance.py:1265} INFO - 0 downstream tasks scheduled from follow-on schedule check
[2024-11-27 06:29:55,777] {local_task_job.py:151} INFO - Task exited with return code 0
