[2025-03-16 06:48:37,668] {taskinstance.py:896} INFO - Dependencies all met for <TaskInstance: assignment.task_one 2025-03-15T00:00:00+00:00 [queued]>
[2025-03-16 06:48:37,682] {taskinstance.py:896} INFO - Dependencies all met for <TaskInstance: assignment.task_one 2025-03-15T00:00:00+00:00 [queued]>
[2025-03-16 06:48:37,682] {taskinstance.py:1087} INFO - 
--------------------------------------------------------------------------------
[2025-03-16 06:48:37,683] {taskinstance.py:1088} INFO - Starting attempt 1 of 1
[2025-03-16 06:48:37,683] {taskinstance.py:1089} INFO - 
--------------------------------------------------------------------------------
[2025-03-16 06:48:37,693] {taskinstance.py:1107} INFO - Executing <Task(PythonOperator): task_one> on 2025-03-15T00:00:00+00:00
[2025-03-16 06:48:37,703] {standard_task_runner.py:76} INFO - Running: ['***', 'tasks', 'run', 'assignment', 'task_one', '2025-03-15T00:00:00+00:00', '--job-id', '40', '--pool', 'default_pool', '--raw', '--subdir', 'DAGS_FOLDER/assignment.py', '--cfg-path', '/tmp/tmpef4eq_kv', '--error-file', '/tmp/tmp8658vivw']
[2025-03-16 06:48:37,701] {standard_task_runner.py:52} INFO - Started process 86 to run task
[2025-03-16 06:48:37,711] {standard_task_runner.py:77} INFO - Job 40: Subtask task_one
[2025-03-16 06:48:37,760] {logging_mixin.py:104} INFO - Running <TaskInstance: assignment.task_one 2025-03-15T00:00:00+00:00 [running]> on host 4ecec8cb0ca2
[2025-03-16 06:48:37,834] {taskinstance.py:1302} INFO - Exporting the following env vars:
AIRFLOW_CTX_DAG_OWNER=***
AIRFLOW_CTX_DAG_ID=assignment
AIRFLOW_CTX_TASK_ID=task_one
AIRFLOW_CTX_EXECUTION_DATE=2025-03-15T00:00:00+00:00
AIRFLOW_CTX_DAG_RUN_ID=scheduled__2025-03-15T00:00:00+00:00
[2025-03-16 06:48:38,578] {logging_mixin.py:104} INFO - wrote file: m1a.html
[2025-03-16 06:48:38,578] {logging_mixin.py:104} INFO - pulled: m1a.html
[2025-03-16 06:48:38,579] {logging_mixin.py:104} INFO - --- waiting ---
[2025-03-16 06:48:53,863] {logging_mixin.py:104} INFO - wrote file: m1b.html
[2025-03-16 06:48:53,864] {logging_mixin.py:104} INFO - pulled: m1b.html
[2025-03-16 06:48:53,864] {logging_mixin.py:104} INFO - --- waiting ---
[2025-03-16 06:49:09,243] {logging_mixin.py:104} INFO - wrote file: m1c.html
[2025-03-16 06:49:09,243] {logging_mixin.py:104} INFO - pulled: m1c.html
[2025-03-16 06:49:09,244] {logging_mixin.py:104} INFO - --- waiting ---
[2025-03-16 06:49:24,695] {logging_mixin.py:104} INFO - wrote file: m2a.html
[2025-03-16 06:49:24,696] {logging_mixin.py:104} INFO - pulled: m2a.html
[2025-03-16 06:49:24,696] {logging_mixin.py:104} INFO - --- waiting ---
[2025-03-16 06:49:40,225] {logging_mixin.py:104} INFO - wrote file: m2b.html
[2025-03-16 06:49:40,226] {logging_mixin.py:104} INFO - pulled: m2b.html
[2025-03-16 06:49:40,226] {logging_mixin.py:104} INFO - --- waiting ---
[2025-03-16 06:49:55,240] {python.py:151} INFO - Done. Returned value was: None
[2025-03-16 06:49:55,252] {taskinstance.py:1211} INFO - Marking task as SUCCESS. dag_id=assignment, task_id=task_one, execution_date=20250315T000000, start_date=20250316T064837, end_date=20250316T064955
[2025-03-16 06:49:55,277] {taskinstance.py:1265} INFO - 1 downstream tasks scheduled from follow-on schedule check
[2025-03-16 06:49:55,303] {local_task_job.py:151} INFO - Task exited with return code 0
