[2024-06-30 08:44:14,821] {taskinstance.py:896} INFO - Dependencies all met for <TaskInstance: assignment.task_four 2024-06-29T00:00:00+00:00 [queued]>
[2024-06-30 08:44:14,832] {taskinstance.py:896} INFO - Dependencies all met for <TaskInstance: assignment.task_four 2024-06-29T00:00:00+00:00 [queued]>
[2024-06-30 08:44:14,832] {taskinstance.py:1087} INFO - 
--------------------------------------------------------------------------------
[2024-06-30 08:44:14,832] {taskinstance.py:1088} INFO - Starting attempt 2 of 2
[2024-06-30 08:44:14,833] {taskinstance.py:1089} INFO - 
--------------------------------------------------------------------------------
[2024-06-30 08:44:14,843] {taskinstance.py:1107} INFO - Executing <Task(PythonOperator): task_four> on 2024-06-29T00:00:00+00:00
[2024-06-30 08:44:14,848] {standard_task_runner.py:76} INFO - Running: ['***', 'tasks', 'run', 'assignment', 'task_four', '2024-06-29T00:00:00+00:00', '--job-id', '22', '--pool', 'default_pool', '--raw', '--subdir', 'DAGS_FOLDER/assignment.py', '--cfg-path', '/tmp/tmpmefmxfyx', '--error-file', '/tmp/tmpxytvno8u']
[2024-06-30 08:44:14,849] {standard_task_runner.py:77} INFO - Job 22: Subtask task_four
[2024-06-30 08:44:14,846] {standard_task_runner.py:52} INFO - Started process 926 to run task
[2024-06-30 08:44:14,875] {logging_mixin.py:104} INFO - Running <TaskInstance: assignment.task_four 2024-06-29T00:00:00+00:00 [running]> on host 4ecec8cb0ca2
[2024-06-30 08:44:14,903] {taskinstance.py:1302} INFO - Exporting the following env vars:
AIRFLOW_CTX_DAG_OWNER=***
AIRFLOW_CTX_DAG_ID=assignment
AIRFLOW_CTX_TASK_ID=task_four
AIRFLOW_CTX_EXECUTION_DATE=2024-06-29T00:00:00+00:00
AIRFLOW_CTX_DAG_RUN_ID=scheduled__2024-06-29T00:00:00+00:00
[2024-06-30 08:44:14,906] {logging_mixin.py:104} INFO - wrote file: titles_clean.json
[2024-06-30 08:44:14,907] {python.py:151} INFO - Done. Returned value was: None
[2024-06-30 08:44:14,915] {taskinstance.py:1211} INFO - Marking task as SUCCESS. dag_id=assignment, task_id=task_four, execution_date=20240629T000000, start_date=20240630T084414, end_date=20240630T084414
[2024-06-30 08:44:14,940] {taskinstance.py:1265} INFO - 1 downstream tasks scheduled from follow-on schedule check
[2024-06-30 08:44:14,982] {local_task_job.py:151} INFO - Task exited with return code 0
