[2024-06-30 08:40:55,083] {taskinstance.py:896} INFO - Dependencies all met for <TaskInstance: assignment.task_three 2024-06-29T00:00:00+00:00 [queued]>
[2024-06-30 08:40:55,093] {taskinstance.py:896} INFO - Dependencies all met for <TaskInstance: assignment.task_three 2024-06-29T00:00:00+00:00 [queued]>
[2024-06-30 08:40:55,093] {taskinstance.py:1087} INFO - 
--------------------------------------------------------------------------------
[2024-06-30 08:40:55,093] {taskinstance.py:1088} INFO - Starting attempt 1 of 1
[2024-06-30 08:40:55,093] {taskinstance.py:1089} INFO - 
--------------------------------------------------------------------------------
[2024-06-30 08:40:55,105] {taskinstance.py:1107} INFO - Executing <Task(PythonOperator): task_three> on 2024-06-29T00:00:00+00:00
[2024-06-30 08:40:55,108] {standard_task_runner.py:52} INFO - Started process 563 to run task
[2024-06-30 08:40:55,110] {standard_task_runner.py:76} INFO - Running: ['***', 'tasks', 'run', 'assignment', 'task_three', '2024-06-29T00:00:00+00:00', '--job-id', '20', '--pool', 'default_pool', '--raw', '--subdir', 'DAGS_FOLDER/assignment.py', '--cfg-path', '/tmp/tmphr0imt6e', '--error-file', '/tmp/tmp5rbgg4uo']
[2024-06-30 08:40:55,111] {standard_task_runner.py:77} INFO - Job 20: Subtask task_three
[2024-06-30 08:40:55,144] {logging_mixin.py:104} INFO - Running <TaskInstance: assignment.task_three 2024-06-29T00:00:00+00:00 [running]> on host 4ecec8cb0ca2
[2024-06-30 08:40:55,184] {taskinstance.py:1302} INFO - Exporting the following env vars:
AIRFLOW_CTX_DAG_OWNER=***
AIRFLOW_CTX_DAG_ID=assignment
AIRFLOW_CTX_TASK_ID=task_three
AIRFLOW_CTX_EXECUTION_DATE=2024-06-29T00:00:00+00:00
AIRFLOW_CTX_DAG_RUN_ID=scheduled__2024-06-29T00:00:00+00:00
[2024-06-30 08:40:55,946] {logging_mixin.py:104} INFO - wrote file: titles.json
[2024-06-30 08:40:55,947] {python.py:151} INFO - Done. Returned value was: None
[2024-06-30 08:40:55,963] {taskinstance.py:1211} INFO - Marking task as SUCCESS. dag_id=assignment, task_id=task_three, execution_date=20240629T000000, start_date=20240630T084055, end_date=20240630T084055
[2024-06-30 08:40:55,991] {taskinstance.py:1265} INFO - 1 downstream tasks scheduled from follow-on schedule check
[2024-06-30 08:40:56,005] {local_task_job.py:151} INFO - Task exited with return code 0
