[2024-06-30 08:44:15,957] {taskinstance.py:896} INFO - Dependencies all met for <TaskInstance: assignment.task_five 2024-06-29T00:00:00+00:00 [queued]>
[2024-06-30 08:44:15,966] {taskinstance.py:896} INFO - Dependencies all met for <TaskInstance: assignment.task_five 2024-06-29T00:00:00+00:00 [queued]>
[2024-06-30 08:44:15,966] {taskinstance.py:1087} INFO - 
--------------------------------------------------------------------------------
[2024-06-30 08:44:15,967] {taskinstance.py:1088} INFO - Starting attempt 1 of 1
[2024-06-30 08:44:15,967] {taskinstance.py:1089} INFO - 
--------------------------------------------------------------------------------
[2024-06-30 08:44:15,979] {taskinstance.py:1107} INFO - Executing <Task(PythonOperator): task_five> on 2024-06-29T00:00:00+00:00
[2024-06-30 08:44:15,984] {standard_task_runner.py:76} INFO - Running: ['***', 'tasks', 'run', 'assignment', 'task_five', '2024-06-29T00:00:00+00:00', '--job-id', '23', '--pool', 'default_pool', '--raw', '--subdir', 'DAGS_FOLDER/assignment.py', '--cfg-path', '/tmp/tmptzdlbcdj', '--error-file', '/tmp/tmptp_lhzt1']
[2024-06-30 08:44:15,985] {standard_task_runner.py:77} INFO - Job 23: Subtask task_five
[2024-06-30 08:44:15,982] {standard_task_runner.py:52} INFO - Started process 928 to run task
[2024-06-30 08:44:16,016] {logging_mixin.py:104} INFO - Running <TaskInstance: assignment.task_five 2024-06-29T00:00:00+00:00 [running]> on host 4ecec8cb0ca2
[2024-06-30 08:44:16,055] {taskinstance.py:1302} INFO - Exporting the following env vars:
AIRFLOW_CTX_DAG_OWNER=***
AIRFLOW_CTX_DAG_ID=assignment
AIRFLOW_CTX_TASK_ID=task_five
AIRFLOW_CTX_EXECUTION_DATE=2024-06-29T00:00:00+00:00
AIRFLOW_CTX_DAG_RUN_ID=scheduled__2024-06-29T00:00:00+00:00
[2024-06-30 08:44:16,057] {logging_mixin.py:104} INFO - wrote file words.json
[2024-06-30 08:44:16,057] {python.py:151} INFO - Done. Returned value was: None
[2024-06-30 08:44:16,066] {taskinstance.py:1211} INFO - Marking task as SUCCESS. dag_id=assignment, task_id=task_five, execution_date=20240629T000000, start_date=20240630T084415, end_date=20240630T084416
[2024-06-30 08:44:16,085] {taskinstance.py:1265} INFO - 0 downstream tasks scheduled from follow-on schedule check
[2024-06-30 08:44:16,119] {local_task_job.py:151} INFO - Task exited with return code 0
