[2024-06-30 07:55:02,218] {taskinstance.py:896} INFO - Dependencies all met for <TaskInstance: assignment.task_one 2024-06-29T00:00:00+00:00 [queued]>
[2024-06-30 07:55:02,227] {taskinstance.py:896} INFO - Dependencies all met for <TaskInstance: assignment.task_one 2024-06-29T00:00:00+00:00 [queued]>
[2024-06-30 07:55:02,228] {taskinstance.py:1087} INFO - 
--------------------------------------------------------------------------------
[2024-06-30 07:55:02,228] {taskinstance.py:1088} INFO - Starting attempt 1 of 1
[2024-06-30 07:55:02,229] {taskinstance.py:1089} INFO - 
--------------------------------------------------------------------------------
[2024-06-30 07:55:02,241] {taskinstance.py:1107} INFO - Executing <Task(PythonOperator): task_one> on 2024-06-29T00:00:00+00:00
[2024-06-30 07:55:02,244] {standard_task_runner.py:52} INFO - Started process 350 to run task
[2024-06-30 07:55:02,246] {standard_task_runner.py:76} INFO - Running: ['***', 'tasks', 'run', 'assignment', 'task_one', '2024-06-29T00:00:00+00:00', '--job-id', '6', '--pool', 'default_pool', '--raw', '--subdir', 'DAGS_FOLDER/assignment.py', '--cfg-path', '/tmp/tmp378nnvjb', '--error-file', '/tmp/tmppw35e959']
[2024-06-30 07:55:02,247] {standard_task_runner.py:77} INFO - Job 6: Subtask task_one
[2024-06-30 07:55:02,280] {logging_mixin.py:104} INFO - Running <TaskInstance: assignment.task_one 2024-06-29T00:00:00+00:00 [running]> on host 2532fdaf14cb
[2024-06-30 07:55:02,320] {taskinstance.py:1302} INFO - Exporting the following env vars:
AIRFLOW_CTX_DAG_OWNER=***
AIRFLOW_CTX_DAG_ID=assignment
AIRFLOW_CTX_TASK_ID=task_one
AIRFLOW_CTX_EXECUTION_DATE=2024-06-29T00:00:00+00:00
AIRFLOW_CTX_DAG_RUN_ID=scheduled__2024-06-29T00:00:00+00:00
[2024-06-30 07:55:03,003] {logging_mixin.py:104} INFO - wrote file: m1a.html
[2024-06-30 07:55:03,003] {logging_mixin.py:104} INFO - pulled: m1a.html
[2024-06-30 07:55:03,003] {logging_mixin.py:104} INFO - --- waiting ---
[2024-06-30 07:55:18,354] {logging_mixin.py:104} INFO - wrote file: m1b.html
[2024-06-30 07:55:18,354] {logging_mixin.py:104} INFO - pulled: m1b.html
[2024-06-30 07:55:18,355] {logging_mixin.py:104} INFO - --- waiting ---
[2024-06-30 07:55:34,488] {logging_mixin.py:104} INFO - wrote file: m1c.html
[2024-06-30 07:55:34,489] {logging_mixin.py:104} INFO - pulled: m1c.html
[2024-06-30 07:55:34,489] {logging_mixin.py:104} INFO - --- waiting ---
[2024-06-30 07:55:50,930] {logging_mixin.py:104} INFO - wrote file: m2a.html
[2024-06-30 07:55:50,930] {logging_mixin.py:104} INFO - pulled: m2a.html
[2024-06-30 07:55:50,931] {logging_mixin.py:104} INFO - --- waiting ---
[2024-06-30 07:56:07,244] {logging_mixin.py:104} INFO - wrote file: m2b.html
[2024-06-30 07:56:07,244] {logging_mixin.py:104} INFO - pulled: m2b.html
[2024-06-30 07:56:07,245] {logging_mixin.py:104} INFO - --- waiting ---
[2024-06-30 07:56:23,717] {logging_mixin.py:104} INFO - wrote file: m2c.html
[2024-06-30 07:56:23,717] {logging_mixin.py:104} INFO - pulled: m2c.html
[2024-06-30 07:56:23,717] {logging_mixin.py:104} INFO - --- waiting ---
[2024-06-30 07:56:39,347] {logging_mixin.py:104} INFO - wrote file: m3a.html
[2024-06-30 07:56:39,347] {logging_mixin.py:104} INFO - pulled: m3a.html
[2024-06-30 07:56:39,348] {logging_mixin.py:104} INFO - --- waiting ---
[2024-06-30 07:56:55,353] {logging_mixin.py:104} INFO - wrote file: m3b.html
[2024-06-30 07:56:55,353] {logging_mixin.py:104} INFO - pulled: m3b.html
[2024-06-30 07:56:55,353] {logging_mixin.py:104} INFO - --- waiting ---
[2024-06-30 07:57:10,854] {logging_mixin.py:104} INFO - wrote file: m4a.html
[2024-06-30 07:57:10,855] {logging_mixin.py:104} INFO - pulled: m4a.html
[2024-06-30 07:57:10,855] {logging_mixin.py:104} INFO - --- waiting ---
[2024-06-30 07:57:26,279] {logging_mixin.py:104} INFO - wrote file: m4b.html
[2024-06-30 07:57:26,279] {logging_mixin.py:104} INFO - pulled: m4b.html
[2024-06-30 07:57:26,280] {logging_mixin.py:104} INFO - --- waiting ---
[2024-06-30 07:57:42,495] {logging_mixin.py:104} INFO - wrote file: m4c.html
[2024-06-30 07:57:42,496] {logging_mixin.py:104} INFO - pulled: m4c.html
[2024-06-30 07:57:42,496] {logging_mixin.py:104} INFO - --- waiting ---
[2024-06-30 07:57:57,872] {logging_mixin.py:104} INFO - wrote file: m4d.html
[2024-06-30 07:57:57,872] {logging_mixin.py:104} INFO - pulled: m4d.html
[2024-06-30 07:57:57,872] {logging_mixin.py:104} INFO - --- waiting ---
[2024-06-30 07:58:13,816] {logging_mixin.py:104} INFO - wrote file: m4e.html
[2024-06-30 07:58:13,817] {logging_mixin.py:104} INFO - pulled: m4e.html
[2024-06-30 07:58:13,817] {logging_mixin.py:104} INFO - --- waiting ---
[2024-06-30 07:58:29,292] {logging_mixin.py:104} INFO - wrote file: m4f.html
[2024-06-30 07:58:29,292] {logging_mixin.py:104} INFO - pulled: m4f.html
[2024-06-30 07:58:29,293] {logging_mixin.py:104} INFO - --- waiting ---
[2024-06-30 07:58:44,571] {logging_mixin.py:104} INFO - wrote file: m4g.html
[2024-06-30 07:58:44,571] {logging_mixin.py:104} INFO - pulled: m4g.html
[2024-06-30 07:58:44,571] {logging_mixin.py:104} INFO - --- waiting ---
[2024-06-30 07:59:00,026] {logging_mixin.py:104} INFO - wrote file: m5a.html
[2024-06-30 07:59:00,027] {logging_mixin.py:104} INFO - pulled: m5a.html
[2024-06-30 07:59:00,027] {logging_mixin.py:104} INFO - --- waiting ---
[2024-06-30 07:59:15,486] {logging_mixin.py:104} INFO - wrote file: m5b.html
[2024-06-30 07:59:15,487] {logging_mixin.py:104} INFO - pulled: m5b.html
[2024-06-30 07:59:15,487] {logging_mixin.py:104} INFO - --- waiting ---
[2024-06-30 07:59:30,945] {logging_mixin.py:104} INFO - wrote file: m6a.html
[2024-06-30 07:59:30,945] {logging_mixin.py:104} INFO - pulled: m6a.html
[2024-06-30 07:59:30,946] {logging_mixin.py:104} INFO - --- waiting ---
[2024-06-30 07:59:46,918] {logging_mixin.py:104} INFO - wrote file: m6b.html
[2024-06-30 07:59:46,918] {logging_mixin.py:104} INFO - pulled: m6b.html
[2024-06-30 07:59:46,918] {logging_mixin.py:104} INFO - --- waiting ---
[2024-06-30 08:00:02,456] {logging_mixin.py:104} INFO - wrote file: m6c.html
[2024-06-30 08:00:02,457] {logging_mixin.py:104} INFO - pulled: m6c.html
[2024-06-30 08:00:02,457] {logging_mixin.py:104} INFO - --- waiting ---
[2024-06-30 08:00:19,083] {logging_mixin.py:104} INFO - wrote file: m7a.html
[2024-06-30 08:00:19,083] {logging_mixin.py:104} INFO - pulled: m7a.html
[2024-06-30 08:00:19,084] {logging_mixin.py:104} INFO - --- waiting ---
[2024-06-30 08:00:34,537] {logging_mixin.py:104} INFO - wrote file: m8a.html
[2024-06-30 08:00:34,538] {logging_mixin.py:104} INFO - pulled: m8a.html
[2024-06-30 08:00:34,538] {logging_mixin.py:104} INFO - --- waiting ---
[2024-06-30 08:00:50,080] {logging_mixin.py:104} INFO - wrote file: m8b.html
[2024-06-30 08:00:50,080] {logging_mixin.py:104} INFO - pulled: m8b.html
[2024-06-30 08:00:50,081] {logging_mixin.py:104} INFO - --- waiting ---
[2024-06-30 08:01:05,434] {logging_mixin.py:104} INFO - wrote file: m9a.html
[2024-06-30 08:01:05,435] {logging_mixin.py:104} INFO - pulled: m9a.html
[2024-06-30 08:01:05,435] {logging_mixin.py:104} INFO - --- waiting ---
[2024-06-30 08:01:21,501] {logging_mixin.py:104} INFO - wrote file: m9b.html
[2024-06-30 08:01:21,501] {logging_mixin.py:104} INFO - pulled: m9b.html
[2024-06-30 08:01:21,502] {logging_mixin.py:104} INFO - --- waiting ---
[2024-06-30 08:01:37,110] {logging_mixin.py:104} INFO - wrote file: m10a.html
[2024-06-30 08:01:37,110] {logging_mixin.py:104} INFO - pulled: m10a.html
[2024-06-30 08:01:37,111] {logging_mixin.py:104} INFO - --- waiting ---
[2024-06-30 08:01:53,030] {logging_mixin.py:104} INFO - wrote file: m10b.html
[2024-06-30 08:01:53,031] {logging_mixin.py:104} INFO - pulled: m10b.html
[2024-06-30 08:01:53,031] {logging_mixin.py:104} INFO - --- waiting ---
[2024-06-30 08:02:08,231] {taskinstance.py:1501} ERROR - Task failed with exception
Traceback (most recent call last):
  File "/home/airflow/.local/lib/python3.6/site-packages/airflow/models/taskinstance.py", line 1157, in _run_raw_task
    self._prepare_and_execute_task_with_callbacks(context, task)
  File "/home/airflow/.local/lib/python3.6/site-packages/airflow/models/taskinstance.py", line 1331, in _prepare_and_execute_task_with_callbacks
    result = self._execute_task(context, task_copy)
  File "/home/airflow/.local/lib/python3.6/site-packages/airflow/models/taskinstance.py", line 1361, in _execute_task
    result = task_copy.execute(context=context)
  File "/home/airflow/.local/lib/python3.6/site-packages/airflow/operators/python.py", line 150, in execute
    return_value = self.execute_callable()
  File "/home/airflow/.local/lib/python3.6/site-packages/airflow/operators/python.py", line 161, in execute_callable
    return self.python_callable(*self.op_args, **self.op_kwargs)
  File "/opt/airflow/dags/assignment.py", line 79, in catalog
    data = pull(url)
  File "/opt/airflow/dags/assignment.py", line 16, in pull
    response = urllib.request.urlopen(url).read()
  File "/usr/local/lib/python3.6/urllib/request.py", line 223, in urlopen
    return opener.open(url, data, timeout)
  File "/usr/local/lib/python3.6/urllib/request.py", line 532, in open
    response = meth(req, response)
  File "/usr/local/lib/python3.6/urllib/request.py", line 642, in http_response
    'http', request, response, code, msg, hdrs)
  File "/usr/local/lib/python3.6/urllib/request.py", line 570, in error
    return self._call_chain(*args)
  File "/usr/local/lib/python3.6/urllib/request.py", line 504, in _call_chain
    result = func(*args)
  File "/usr/local/lib/python3.6/urllib/request.py", line 650, in http_error_default
    raise HTTPError(req.full_url, code, msg, hdrs, fp)
urllib.error.HTTPError: HTTP Error 404: Not Found
[2024-06-30 08:02:08,236] {taskinstance.py:1551} INFO - Marking task as FAILED. dag_id=assignment, task_id=task_one, execution_date=20240629T000000, start_date=20240630T075502, end_date=20240630T080208
[2024-06-30 08:02:08,278] {local_task_job.py:151} INFO - Task exited with return code 1
