[2024-06-30 08:08:33,728] {taskinstance.py:896} INFO - Dependencies all met for <TaskInstance: assignment.task_one 2024-06-29T00:00:00+00:00 [queued]>
[2024-06-30 08:08:33,738] {taskinstance.py:896} INFO - Dependencies all met for <TaskInstance: assignment.task_one 2024-06-29T00:00:00+00:00 [queued]>
[2024-06-30 08:08:33,738] {taskinstance.py:1087} INFO - 
--------------------------------------------------------------------------------
[2024-06-30 08:08:33,738] {taskinstance.py:1088} INFO - Starting attempt 2 of 2
[2024-06-30 08:08:33,738] {taskinstance.py:1089} INFO - 
--------------------------------------------------------------------------------
[2024-06-30 08:08:33,749] {taskinstance.py:1107} INFO - Executing <Task(PythonOperator): task_one> on 2024-06-29T00:00:00+00:00
[2024-06-30 08:08:33,752] {standard_task_runner.py:52} INFO - Started process 1773 to run task
[2024-06-30 08:08:33,754] {standard_task_runner.py:76} INFO - Running: ['***', 'tasks', 'run', 'assignment', 'task_one', '2024-06-29T00:00:00+00:00', '--job-id', '7', '--pool', 'default_pool', '--raw', '--subdir', 'DAGS_FOLDER/assignment.py', '--cfg-path', '/tmp/tmpkw6dx8sq', '--error-file', '/tmp/tmp3sro4rsi']
[2024-06-30 08:08:33,754] {standard_task_runner.py:77} INFO - Job 7: Subtask task_one
[2024-06-30 08:08:33,783] {logging_mixin.py:104} INFO - Running <TaskInstance: assignment.task_one 2024-06-29T00:00:00+00:00 [running]> on host 2532fdaf14cb
[2024-06-30 08:08:33,815] {taskinstance.py:1302} INFO - Exporting the following env vars:
AIRFLOW_CTX_DAG_OWNER=***
AIRFLOW_CTX_DAG_ID=assignment
AIRFLOW_CTX_TASK_ID=task_one
AIRFLOW_CTX_EXECUTION_DATE=2024-06-29T00:00:00+00:00
AIRFLOW_CTX_DAG_RUN_ID=scheduled__2024-06-29T00:00:00+00:00
[2024-06-30 08:08:34,852] {logging_mixin.py:104} INFO - wrote file: m1a.html
[2024-06-30 08:08:34,852] {logging_mixin.py:104} INFO - pulled: m1a.html
[2024-06-30 08:08:34,852] {logging_mixin.py:104} INFO - --- waiting ---
[2024-06-30 08:08:50,748] {logging_mixin.py:104} INFO - wrote file: m1b.html
[2024-06-30 08:08:50,749] {logging_mixin.py:104} INFO - pulled: m1b.html
[2024-06-30 08:08:50,749] {logging_mixin.py:104} INFO - --- waiting ---
[2024-06-30 08:09:06,371] {logging_mixin.py:104} INFO - wrote file: m1c.html
[2024-06-30 08:09:06,372] {logging_mixin.py:104} INFO - pulled: m1c.html
[2024-06-30 08:09:06,372] {logging_mixin.py:104} INFO - --- waiting ---
[2024-06-30 08:09:21,828] {logging_mixin.py:104} INFO - wrote file: m2a.html
[2024-06-30 08:09:21,828] {logging_mixin.py:104} INFO - pulled: m2a.html
[2024-06-30 08:09:21,828] {logging_mixin.py:104} INFO - --- waiting ---
[2024-06-30 08:09:38,485] {logging_mixin.py:104} INFO - wrote file: m2b.html
[2024-06-30 08:09:38,485] {logging_mixin.py:104} INFO - pulled: m2b.html
[2024-06-30 08:09:38,486] {logging_mixin.py:104} INFO - --- waiting ---
[2024-06-30 08:09:54,634] {logging_mixin.py:104} INFO - wrote file: m2c.html
[2024-06-30 08:09:54,635] {logging_mixin.py:104} INFO - pulled: m2c.html
[2024-06-30 08:09:54,635] {logging_mixin.py:104} INFO - --- waiting ---
[2024-06-30 08:10:10,926] {logging_mixin.py:104} INFO - wrote file: m3a.html
[2024-06-30 08:10:10,927] {logging_mixin.py:104} INFO - pulled: m3a.html
[2024-06-30 08:10:10,927] {logging_mixin.py:104} INFO - --- waiting ---
[2024-06-30 08:10:26,394] {logging_mixin.py:104} INFO - wrote file: m3b.html
[2024-06-30 08:10:26,395] {logging_mixin.py:104} INFO - pulled: m3b.html
[2024-06-30 08:10:26,395] {logging_mixin.py:104} INFO - --- waiting ---
[2024-06-30 08:10:41,762] {logging_mixin.py:104} INFO - wrote file: m4a.html
[2024-06-30 08:10:41,763] {logging_mixin.py:104} INFO - pulled: m4a.html
[2024-06-30 08:10:41,763] {logging_mixin.py:104} INFO - --- waiting ---
[2024-06-30 08:10:57,748] {logging_mixin.py:104} INFO - wrote file: m4b.html
[2024-06-30 08:10:57,749] {logging_mixin.py:104} INFO - pulled: m4b.html
[2024-06-30 08:10:57,749] {logging_mixin.py:104} INFO - --- waiting ---
[2024-06-30 08:11:14,058] {logging_mixin.py:104} INFO - wrote file: m4c.html
[2024-06-30 08:11:14,058] {logging_mixin.py:104} INFO - pulled: m4c.html
[2024-06-30 08:11:14,059] {logging_mixin.py:104} INFO - --- waiting ---
[2024-06-30 08:11:29,459] {logging_mixin.py:104} INFO - wrote file: m4d.html
[2024-06-30 08:11:29,460] {logging_mixin.py:104} INFO - pulled: m4d.html
[2024-06-30 08:11:29,460] {logging_mixin.py:104} INFO - --- waiting ---
[2024-06-30 08:11:44,834] {logging_mixin.py:104} INFO - wrote file: m4e.html
[2024-06-30 08:11:44,835] {logging_mixin.py:104} INFO - pulled: m4e.html
[2024-06-30 08:11:44,835] {logging_mixin.py:104} INFO - --- waiting ---
[2024-06-30 08:12:00,343] {logging_mixin.py:104} INFO - wrote file: m4f.html
[2024-06-30 08:12:00,344] {logging_mixin.py:104} INFO - pulled: m4f.html
[2024-06-30 08:12:00,344] {logging_mixin.py:104} INFO - --- waiting ---
[2024-06-30 08:12:15,553] {logging_mixin.py:104} INFO - wrote file: m4g.html
[2024-06-30 08:12:15,554] {logging_mixin.py:104} INFO - pulled: m4g.html
[2024-06-30 08:12:15,554] {logging_mixin.py:104} INFO - --- waiting ---
[2024-06-30 08:12:31,012] {logging_mixin.py:104} INFO - wrote file: m5a.html
[2024-06-30 08:12:31,012] {logging_mixin.py:104} INFO - pulled: m5a.html
[2024-06-30 08:12:31,012] {logging_mixin.py:104} INFO - --- waiting ---
[2024-06-30 08:12:46,300] {logging_mixin.py:104} INFO - wrote file: m5b.html
[2024-06-30 08:12:46,300] {logging_mixin.py:104} INFO - pulled: m5b.html
[2024-06-30 08:12:46,300] {logging_mixin.py:104} INFO - --- waiting ---
[2024-06-30 08:13:02,368] {logging_mixin.py:104} INFO - wrote file: m6a.html
[2024-06-30 08:13:02,369] {logging_mixin.py:104} INFO - pulled: m6a.html
[2024-06-30 08:13:02,369] {logging_mixin.py:104} INFO - --- waiting ---
[2024-06-30 08:13:17,818] {logging_mixin.py:104} INFO - wrote file: m6b.html
[2024-06-30 08:13:17,819] {logging_mixin.py:104} INFO - pulled: m6b.html
[2024-06-30 08:13:17,819] {logging_mixin.py:104} INFO - --- waiting ---
[2024-06-30 08:13:33,345] {logging_mixin.py:104} INFO - wrote file: m6c.html
[2024-06-30 08:13:33,345] {logging_mixin.py:104} INFO - pulled: m6c.html
[2024-06-30 08:13:33,345] {logging_mixin.py:104} INFO - --- waiting ---
[2024-06-30 08:13:49,799] {logging_mixin.py:104} INFO - wrote file: m7a.html
[2024-06-30 08:13:49,800] {logging_mixin.py:104} INFO - pulled: m7a.html
[2024-06-30 08:13:49,800] {logging_mixin.py:104} INFO - --- waiting ---
[2024-06-30 08:14:05,329] {logging_mixin.py:104} INFO - wrote file: m8a.html
[2024-06-30 08:14:05,329] {logging_mixin.py:104} INFO - pulled: m8a.html
[2024-06-30 08:14:05,330] {logging_mixin.py:104} INFO - --- waiting ---
[2024-06-30 08:14:20,844] {logging_mixin.py:104} INFO - wrote file: m8b.html
[2024-06-30 08:14:20,845] {logging_mixin.py:104} INFO - pulled: m8b.html
[2024-06-30 08:14:20,845] {logging_mixin.py:104} INFO - --- waiting ---
[2024-06-30 08:14:36,816] {logging_mixin.py:104} INFO - wrote file: m9a.html
[2024-06-30 08:14:36,816] {logging_mixin.py:104} INFO - pulled: m9a.html
[2024-06-30 08:14:36,817] {logging_mixin.py:104} INFO - --- waiting ---
[2024-06-30 08:14:52,251] {logging_mixin.py:104} INFO - wrote file: m9b.html
[2024-06-30 08:14:52,252] {logging_mixin.py:104} INFO - pulled: m9b.html
[2024-06-30 08:14:52,252] {logging_mixin.py:104} INFO - --- waiting ---
[2024-06-30 08:15:08,171] {logging_mixin.py:104} INFO - wrote file: m10a.html
[2024-06-30 08:15:08,172] {logging_mixin.py:104} INFO - pulled: m10a.html
[2024-06-30 08:15:08,172] {logging_mixin.py:104} INFO - --- waiting ---
[2024-06-30 08:15:23,778] {logging_mixin.py:104} INFO - wrote file: m10b.html
[2024-06-30 08:15:23,778] {logging_mixin.py:104} INFO - pulled: m10b.html
[2024-06-30 08:15:23,779] {logging_mixin.py:104} INFO - --- waiting ---
[2024-06-30 08:15:38,992] {taskinstance.py:1501} ERROR - Task failed with exception
Traceback (most recent call last):
  File "/home/airflow/.local/lib/python3.6/site-packages/airflow/models/taskinstance.py", line 1157, in _run_raw_task
    self._prepare_and_execute_task_with_callbacks(context, task)
  File "/home/airflow/.local/lib/python3.6/site-packages/airflow/models/taskinstance.py", line 1331, in _prepare_and_execute_task_with_callbacks
    result = self._execute_task(context, task_copy)
  File "/home/airflow/.local/lib/python3.6/site-packages/airflow/models/taskinstance.py", line 1361, in _execute_task
    result = task_copy.execute(context=context)
  File "/home/airflow/.local/lib/python3.6/site-packages/airflow/operators/python.py", line 150, in execute
    return_value = self.execute_callable()
  File "/home/airflow/.local/lib/python3.6/site-packages/airflow/operators/python.py", line 161, in execute_callable
    return self.python_callable(*self.op_args, **self.op_kwargs)
  File "/opt/airflow/dags/assignment.py", line 79, in catalog
    data = pull(url)
  File "/opt/airflow/dags/assignment.py", line 16, in pull
    response = urllib.request.urlopen(url).read()
  File "/usr/local/lib/python3.6/urllib/request.py", line 223, in urlopen
    return opener.open(url, data, timeout)
  File "/usr/local/lib/python3.6/urllib/request.py", line 532, in open
    response = meth(req, response)
  File "/usr/local/lib/python3.6/urllib/request.py", line 642, in http_response
    'http', request, response, code, msg, hdrs)
  File "/usr/local/lib/python3.6/urllib/request.py", line 570, in error
    return self._call_chain(*args)
  File "/usr/local/lib/python3.6/urllib/request.py", line 504, in _call_chain
    result = func(*args)
  File "/usr/local/lib/python3.6/urllib/request.py", line 650, in http_error_default
    raise HTTPError(req.full_url, code, msg, hdrs, fp)
urllib.error.HTTPError: HTTP Error 404: Not Found
[2024-06-30 08:15:38,996] {taskinstance.py:1551} INFO - Marking task as FAILED. dag_id=assignment, task_id=task_one, execution_date=20240629T000000, start_date=20240630T080833, end_date=20240630T081538
[2024-06-30 08:15:39,039] {local_task_job.py:151} INFO - Task exited with return code 1
