[2024-06-30 08:16:35,030] {taskinstance.py:896} INFO - Dependencies all met for <TaskInstance: assignment.task_one 2024-06-29T00:00:00+00:00 [queued]>
[2024-06-30 08:16:35,039] {taskinstance.py:896} INFO - Dependencies all met for <TaskInstance: assignment.task_one 2024-06-29T00:00:00+00:00 [queued]>
[2024-06-30 08:16:35,040] {taskinstance.py:1087} INFO - 
--------------------------------------------------------------------------------
[2024-06-30 08:16:35,040] {taskinstance.py:1088} INFO - Starting attempt 4 of 4
[2024-06-30 08:16:35,040] {taskinstance.py:1089} INFO - 
--------------------------------------------------------------------------------
[2024-06-30 08:16:35,052] {taskinstance.py:1107} INFO - Executing <Task(PythonOperator): task_one> on 2024-06-29T00:00:00+00:00
[2024-06-30 08:16:35,055] {standard_task_runner.py:52} INFO - Started process 2625 to run task
[2024-06-30 08:16:35,057] {standard_task_runner.py:76} INFO - Running: ['***', 'tasks', 'run', 'assignment', 'task_one', '2024-06-29T00:00:00+00:00', '--job-id', '10', '--pool', 'default_pool', '--raw', '--subdir', 'DAGS_FOLDER/assignment.py', '--cfg-path', '/tmp/tmpbi3v9ewo', '--error-file', '/tmp/tmp6qn8v09_']
[2024-06-30 08:16:35,058] {standard_task_runner.py:77} INFO - Job 10: Subtask task_one
[2024-06-30 08:16:35,088] {logging_mixin.py:104} INFO - Running <TaskInstance: assignment.task_one 2024-06-29T00:00:00+00:00 [running]> on host 2532fdaf14cb
[2024-06-30 08:16:35,124] {taskinstance.py:1302} INFO - Exporting the following env vars:
AIRFLOW_CTX_DAG_OWNER=***
AIRFLOW_CTX_DAG_ID=assignment
AIRFLOW_CTX_TASK_ID=task_one
AIRFLOW_CTX_EXECUTION_DATE=2024-06-29T00:00:00+00:00
AIRFLOW_CTX_DAG_RUN_ID=scheduled__2024-06-29T00:00:00+00:00
[2024-06-30 08:16:35,885] {logging_mixin.py:104} INFO - wrote file: m1a.html
[2024-06-30 08:16:35,886] {logging_mixin.py:104} INFO - pulled: m1a.html
[2024-06-30 08:16:35,886] {logging_mixin.py:104} INFO - --- waiting ---
[2024-06-30 08:16:51,341] {logging_mixin.py:104} INFO - wrote file: m1b.html
[2024-06-30 08:16:51,342] {logging_mixin.py:104} INFO - pulled: m1b.html
[2024-06-30 08:16:51,342] {logging_mixin.py:104} INFO - --- waiting ---
[2024-06-30 08:17:07,209] {logging_mixin.py:104} INFO - wrote file: m1c.html
[2024-06-30 08:17:07,210] {logging_mixin.py:104} INFO - pulled: m1c.html
[2024-06-30 08:17:07,210] {logging_mixin.py:104} INFO - --- waiting ---
[2024-06-30 08:17:22,974] {logging_mixin.py:104} INFO - wrote file: m2a.html
[2024-06-30 08:17:22,974] {logging_mixin.py:104} INFO - pulled: m2a.html
[2024-06-30 08:17:22,975] {logging_mixin.py:104} INFO - --- waiting ---
[2024-06-30 08:17:38,974] {logging_mixin.py:104} INFO - wrote file: m2b.html
[2024-06-30 08:17:38,974] {logging_mixin.py:104} INFO - pulled: m2b.html
[2024-06-30 08:17:38,975] {logging_mixin.py:104} INFO - --- waiting ---
[2024-06-30 08:17:54,743] {logging_mixin.py:104} INFO - wrote file: m2c.html
[2024-06-30 08:17:54,744] {logging_mixin.py:104} INFO - pulled: m2c.html
[2024-06-30 08:17:54,744] {logging_mixin.py:104} INFO - --- waiting ---
[2024-06-30 08:18:10,625] {logging_mixin.py:104} INFO - wrote file: m3a.html
[2024-06-30 08:18:10,626] {logging_mixin.py:104} INFO - pulled: m3a.html
[2024-06-30 08:18:10,626] {logging_mixin.py:104} INFO - --- waiting ---
[2024-06-30 08:18:26,226] {logging_mixin.py:104} INFO - wrote file: m3b.html
[2024-06-30 08:18:26,227] {logging_mixin.py:104} INFO - pulled: m3b.html
[2024-06-30 08:18:26,227] {logging_mixin.py:104} INFO - --- waiting ---
[2024-06-30 08:18:41,744] {logging_mixin.py:104} INFO - wrote file: m4a.html
[2024-06-30 08:18:41,744] {logging_mixin.py:104} INFO - pulled: m4a.html
[2024-06-30 08:18:41,745] {logging_mixin.py:104} INFO - --- waiting ---
[2024-06-30 08:18:57,267] {logging_mixin.py:104} INFO - wrote file: m4b.html
[2024-06-30 08:18:57,267] {logging_mixin.py:104} INFO - pulled: m4b.html
[2024-06-30 08:18:57,267] {logging_mixin.py:104} INFO - --- waiting ---
[2024-06-30 08:19:12,969] {logging_mixin.py:104} INFO - wrote file: m4c.html
[2024-06-30 08:19:12,970] {logging_mixin.py:104} INFO - pulled: m4c.html
[2024-06-30 08:19:12,970] {logging_mixin.py:104} INFO - --- waiting ---
[2024-06-30 08:19:28,495] {logging_mixin.py:104} INFO - wrote file: m4d.html
[2024-06-30 08:19:28,495] {logging_mixin.py:104} INFO - pulled: m4d.html
[2024-06-30 08:19:28,495] {logging_mixin.py:104} INFO - --- waiting ---
[2024-06-30 08:19:44,023] {logging_mixin.py:104} INFO - wrote file: m4e.html
[2024-06-30 08:19:44,024] {logging_mixin.py:104} INFO - pulled: m4e.html
[2024-06-30 08:19:44,024] {logging_mixin.py:104} INFO - --- waiting ---
[2024-06-30 08:19:59,631] {logging_mixin.py:104} INFO - wrote file: m4f.html
[2024-06-30 08:19:59,631] {logging_mixin.py:104} INFO - pulled: m4f.html
[2024-06-30 08:19:59,631] {logging_mixin.py:104} INFO - --- waiting ---
[2024-06-30 08:20:14,921] {logging_mixin.py:104} INFO - wrote file: m4g.html
[2024-06-30 08:20:14,922] {logging_mixin.py:104} INFO - pulled: m4g.html
[2024-06-30 08:20:14,922] {logging_mixin.py:104} INFO - --- waiting ---
[2024-06-30 08:20:30,542] {logging_mixin.py:104} INFO - wrote file: m5a.html
[2024-06-30 08:20:30,543] {logging_mixin.py:104} INFO - pulled: m5a.html
[2024-06-30 08:20:30,543] {logging_mixin.py:104} INFO - --- waiting ---
[2024-06-30 08:20:46,132] {logging_mixin.py:104} INFO - wrote file: m5b.html
[2024-06-30 08:20:46,133] {logging_mixin.py:104} INFO - pulled: m5b.html
[2024-06-30 08:20:46,133] {logging_mixin.py:104} INFO - --- waiting ---
[2024-06-30 08:21:01,923] {logging_mixin.py:104} INFO - wrote file: m6a.html
[2024-06-30 08:21:01,924] {logging_mixin.py:104} INFO - pulled: m6a.html
[2024-06-30 08:21:01,924] {logging_mixin.py:104} INFO - --- waiting ---
[2024-06-30 08:21:17,536] {logging_mixin.py:104} INFO - wrote file: m6b.html
[2024-06-30 08:21:17,537] {logging_mixin.py:104} INFO - pulled: m6b.html
[2024-06-30 08:21:17,537] {logging_mixin.py:104} INFO - --- waiting ---
[2024-06-30 08:21:33,230] {logging_mixin.py:104} INFO - wrote file: m6c.html
[2024-06-30 08:21:33,230] {logging_mixin.py:104} INFO - pulled: m6c.html
[2024-06-30 08:21:33,231] {logging_mixin.py:104} INFO - --- waiting ---
[2024-06-30 08:21:49,254] {logging_mixin.py:104} INFO - wrote file: m7a.html
[2024-06-30 08:21:49,255] {logging_mixin.py:104} INFO - pulled: m7a.html
[2024-06-30 08:21:49,255] {logging_mixin.py:104} INFO - --- waiting ---
[2024-06-30 08:22:04,856] {logging_mixin.py:104} INFO - wrote file: m8a.html
[2024-06-30 08:22:04,856] {logging_mixin.py:104} INFO - pulled: m8a.html
[2024-06-30 08:22:04,857] {logging_mixin.py:104} INFO - --- waiting ---
[2024-06-30 08:22:20,590] {logging_mixin.py:104} INFO - wrote file: m8b.html
[2024-06-30 08:22:20,590] {logging_mixin.py:104} INFO - pulled: m8b.html
[2024-06-30 08:22:20,591] {logging_mixin.py:104} INFO - --- waiting ---
[2024-06-30 08:22:36,205] {logging_mixin.py:104} INFO - wrote file: m9a.html
[2024-06-30 08:22:36,205] {logging_mixin.py:104} INFO - pulled: m9a.html
[2024-06-30 08:22:36,206] {logging_mixin.py:104} INFO - --- waiting ---
[2024-06-30 08:22:51,819] {logging_mixin.py:104} INFO - wrote file: m9b.html
[2024-06-30 08:22:51,820] {logging_mixin.py:104} INFO - pulled: m9b.html
[2024-06-30 08:22:51,820] {logging_mixin.py:104} INFO - --- waiting ---
[2024-06-30 08:23:07,754] {logging_mixin.py:104} INFO - wrote file: m10a.html
[2024-06-30 08:23:07,754] {logging_mixin.py:104} INFO - pulled: m10a.html
[2024-06-30 08:23:07,754] {logging_mixin.py:104} INFO - --- waiting ---
[2024-06-30 08:23:23,459] {logging_mixin.py:104} INFO - wrote file: m10b.html
[2024-06-30 08:23:23,459] {logging_mixin.py:104} INFO - pulled: m10b.html
[2024-06-30 08:23:23,460] {logging_mixin.py:104} INFO - --- waiting ---
[2024-06-30 08:23:38,687] {taskinstance.py:1501} ERROR - Task failed with exception
Traceback (most recent call last):
  File "/home/airflow/.local/lib/python3.6/site-packages/airflow/models/taskinstance.py", line 1157, in _run_raw_task
    self._prepare_and_execute_task_with_callbacks(context, task)
  File "/home/airflow/.local/lib/python3.6/site-packages/airflow/models/taskinstance.py", line 1331, in _prepare_and_execute_task_with_callbacks
    result = self._execute_task(context, task_copy)
  File "/home/airflow/.local/lib/python3.6/site-packages/airflow/models/taskinstance.py", line 1361, in _execute_task
    result = task_copy.execute(context=context)
  File "/home/airflow/.local/lib/python3.6/site-packages/airflow/operators/python.py", line 150, in execute
    return_value = self.execute_callable()
  File "/home/airflow/.local/lib/python3.6/site-packages/airflow/operators/python.py", line 161, in execute_callable
    return self.python_callable(*self.op_args, **self.op_kwargs)
  File "/opt/airflow/dags/assignment.py", line 79, in catalog
    data = pull(url)
  File "/opt/airflow/dags/assignment.py", line 16, in pull
    response = urllib.request.urlopen(url).read()
  File "/usr/local/lib/python3.6/urllib/request.py", line 223, in urlopen
    return opener.open(url, data, timeout)
  File "/usr/local/lib/python3.6/urllib/request.py", line 532, in open
    response = meth(req, response)
  File "/usr/local/lib/python3.6/urllib/request.py", line 642, in http_response
    'http', request, response, code, msg, hdrs)
  File "/usr/local/lib/python3.6/urllib/request.py", line 570, in error
    return self._call_chain(*args)
  File "/usr/local/lib/python3.6/urllib/request.py", line 504, in _call_chain
    result = func(*args)
  File "/usr/local/lib/python3.6/urllib/request.py", line 650, in http_error_default
    raise HTTPError(req.full_url, code, msg, hdrs, fp)
urllib.error.HTTPError: HTTP Error 404: Not Found
[2024-06-30 08:23:38,692] {taskinstance.py:1551} INFO - Marking task as FAILED. dag_id=assignment, task_id=task_one, execution_date=20240629T000000, start_date=20240630T081635, end_date=20240630T082338
[2024-06-30 08:23:38,720] {local_task_job.py:151} INFO - Task exited with return code 1
