[2024-06-30 08:25:09,408] {taskinstance.py:896} INFO - Dependencies all met for <TaskInstance: assignment.task_one 2024-06-29T00:00:00+00:00 [queued]>
[2024-06-30 08:25:09,418] {taskinstance.py:896} INFO - Dependencies all met for <TaskInstance: assignment.task_one 2024-06-29T00:00:00+00:00 [queued]>
[2024-06-30 08:25:09,418] {taskinstance.py:1087} INFO - 
--------------------------------------------------------------------------------
[2024-06-30 08:25:09,418] {taskinstance.py:1088} INFO - Starting attempt 6 of 6
[2024-06-30 08:25:09,419] {taskinstance.py:1089} INFO - 
--------------------------------------------------------------------------------
[2024-06-30 08:25:09,431] {taskinstance.py:1107} INFO - Executing <Task(PythonOperator): task_one> on 2024-06-29T00:00:00+00:00
[2024-06-30 08:25:09,434] {standard_task_runner.py:52} INFO - Started process 3540 to run task
[2024-06-30 08:25:09,436] {standard_task_runner.py:76} INFO - Running: ['***', 'tasks', 'run', 'assignment', 'task_one', '2024-06-29T00:00:00+00:00', '--job-id', '13', '--pool', 'default_pool', '--raw', '--subdir', 'DAGS_FOLDER/assignment.py', '--cfg-path', '/tmp/tmpa2206uoi', '--error-file', '/tmp/tmpo4wn15oa']
[2024-06-30 08:25:09,436] {standard_task_runner.py:77} INFO - Job 13: Subtask task_one
[2024-06-30 08:25:09,467] {logging_mixin.py:104} INFO - Running <TaskInstance: assignment.task_one 2024-06-29T00:00:00+00:00 [running]> on host 2532fdaf14cb
[2024-06-30 08:25:09,502] {taskinstance.py:1302} INFO - Exporting the following env vars:
AIRFLOW_CTX_DAG_OWNER=***
AIRFLOW_CTX_DAG_ID=assignment
AIRFLOW_CTX_TASK_ID=task_one
AIRFLOW_CTX_EXECUTION_DATE=2024-06-29T00:00:00+00:00
AIRFLOW_CTX_DAG_RUN_ID=scheduled__2024-06-29T00:00:00+00:00
[2024-06-30 08:25:10,321] {logging_mixin.py:104} INFO - wrote file: m1a.html
[2024-06-30 08:25:10,321] {logging_mixin.py:104} INFO - pulled: m1a.html
[2024-06-30 08:25:10,322] {logging_mixin.py:104} INFO - --- waiting ---
[2024-06-30 08:25:25,864] {logging_mixin.py:104} INFO - wrote file: m1b.html
[2024-06-30 08:25:25,864] {logging_mixin.py:104} INFO - pulled: m1b.html
[2024-06-30 08:25:25,865] {logging_mixin.py:104} INFO - --- waiting ---
[2024-06-30 08:25:41,656] {logging_mixin.py:104} INFO - wrote file: m1c.html
[2024-06-30 08:25:41,656] {logging_mixin.py:104} INFO - pulled: m1c.html
[2024-06-30 08:25:41,657] {logging_mixin.py:104} INFO - --- waiting ---
[2024-06-30 08:25:57,511] {logging_mixin.py:104} INFO - wrote file: m2a.html
[2024-06-30 08:25:57,512] {logging_mixin.py:104} INFO - pulled: m2a.html
[2024-06-30 08:25:57,512] {logging_mixin.py:104} INFO - --- waiting ---
[2024-06-30 08:26:13,515] {logging_mixin.py:104} INFO - wrote file: m2b.html
[2024-06-30 08:26:13,515] {logging_mixin.py:104} INFO - pulled: m2b.html
[2024-06-30 08:26:13,516] {logging_mixin.py:104} INFO - --- waiting ---
[2024-06-30 08:26:29,390] {logging_mixin.py:104} INFO - wrote file: m2c.html
[2024-06-30 08:26:29,391] {logging_mixin.py:104} INFO - pulled: m2c.html
[2024-06-30 08:26:29,391] {logging_mixin.py:104} INFO - --- waiting ---
[2024-06-30 08:26:45,164] {logging_mixin.py:104} INFO - wrote file: m3a.html
[2024-06-30 08:26:45,165] {logging_mixin.py:104} INFO - pulled: m3a.html
[2024-06-30 08:26:45,165] {logging_mixin.py:104} INFO - --- waiting ---
[2024-06-30 08:27:00,786] {logging_mixin.py:104} INFO - wrote file: m3b.html
[2024-06-30 08:27:00,787] {logging_mixin.py:104} INFO - pulled: m3b.html
[2024-06-30 08:27:00,787] {logging_mixin.py:104} INFO - --- waiting ---
[2024-06-30 08:27:16,399] {logging_mixin.py:104} INFO - wrote file: m4a.html
[2024-06-30 08:27:16,399] {logging_mixin.py:104} INFO - pulled: m4a.html
[2024-06-30 08:27:16,400] {logging_mixin.py:104} INFO - --- waiting ---
[2024-06-30 08:27:31,938] {logging_mixin.py:104} INFO - wrote file: m4b.html
[2024-06-30 08:27:31,939] {logging_mixin.py:104} INFO - pulled: m4b.html
[2024-06-30 08:27:31,939] {logging_mixin.py:104} INFO - --- waiting ---
[2024-06-30 08:27:47,656] {logging_mixin.py:104} INFO - wrote file: m4c.html
[2024-06-30 08:27:47,656] {logging_mixin.py:104} INFO - pulled: m4c.html
[2024-06-30 08:27:47,656] {logging_mixin.py:104} INFO - --- waiting ---
[2024-06-30 08:28:03,106] {logging_mixin.py:104} INFO - wrote file: m4d.html
[2024-06-30 08:28:03,107] {logging_mixin.py:104} INFO - pulled: m4d.html
[2024-06-30 08:28:03,107] {logging_mixin.py:104} INFO - --- waiting ---
[2024-06-30 08:28:18,630] {logging_mixin.py:104} INFO - wrote file: m4e.html
[2024-06-30 08:28:18,630] {logging_mixin.py:104} INFO - pulled: m4e.html
[2024-06-30 08:28:18,630] {logging_mixin.py:104} INFO - --- waiting ---
[2024-06-30 08:28:34,259] {logging_mixin.py:104} INFO - wrote file: m4f.html
[2024-06-30 08:28:34,259] {logging_mixin.py:104} INFO - pulled: m4f.html
[2024-06-30 08:28:34,260] {logging_mixin.py:104} INFO - --- waiting ---
[2024-06-30 08:28:49,545] {logging_mixin.py:104} INFO - wrote file: m4g.html
[2024-06-30 08:28:49,546] {logging_mixin.py:104} INFO - pulled: m4g.html
[2024-06-30 08:28:49,546] {logging_mixin.py:104} INFO - --- waiting ---
[2024-06-30 08:29:05,088] {logging_mixin.py:104} INFO - wrote file: m5a.html
[2024-06-30 08:29:05,089] {logging_mixin.py:104} INFO - pulled: m5a.html
[2024-06-30 08:29:05,089] {logging_mixin.py:104} INFO - --- waiting ---
[2024-06-30 08:29:20,617] {logging_mixin.py:104} INFO - wrote file: m5b.html
[2024-06-30 08:29:20,617] {logging_mixin.py:104} INFO - pulled: m5b.html
[2024-06-30 08:29:20,617] {logging_mixin.py:104} INFO - --- waiting ---
[2024-06-30 08:29:36,308] {logging_mixin.py:104} INFO - wrote file: m6a.html
[2024-06-30 08:29:36,309] {logging_mixin.py:104} INFO - pulled: m6a.html
[2024-06-30 08:29:36,309] {logging_mixin.py:104} INFO - --- waiting ---
[2024-06-30 08:29:51,842] {logging_mixin.py:104} INFO - wrote file: m6b.html
[2024-06-30 08:29:51,843] {logging_mixin.py:104} INFO - pulled: m6b.html
[2024-06-30 08:29:51,843] {logging_mixin.py:104} INFO - --- waiting ---
[2024-06-30 08:30:07,555] {logging_mixin.py:104} INFO - wrote file: m6c.html
[2024-06-30 08:30:07,555] {logging_mixin.py:104} INFO - pulled: m6c.html
[2024-06-30 08:30:07,556] {logging_mixin.py:104} INFO - --- waiting ---
[2024-06-30 08:30:23,565] {logging_mixin.py:104} INFO - wrote file: m7a.html
[2024-06-30 08:30:23,566] {logging_mixin.py:104} INFO - pulled: m7a.html
[2024-06-30 08:30:23,566] {logging_mixin.py:104} INFO - --- waiting ---
[2024-06-30 08:30:39,305] {logging_mixin.py:104} INFO - wrote file: m8a.html
[2024-06-30 08:30:39,305] {logging_mixin.py:104} INFO - pulled: m8a.html
[2024-06-30 08:30:39,305] {logging_mixin.py:104} INFO - --- waiting ---
[2024-06-30 08:30:55,034] {logging_mixin.py:104} INFO - wrote file: m8b.html
[2024-06-30 08:30:55,034] {logging_mixin.py:104} INFO - pulled: m8b.html
[2024-06-30 08:30:55,035] {logging_mixin.py:104} INFO - --- waiting ---
[2024-06-30 08:31:10,632] {logging_mixin.py:104} INFO - wrote file: m9a.html
[2024-06-30 08:31:10,632] {logging_mixin.py:104} INFO - pulled: m9a.html
[2024-06-30 08:31:10,633] {logging_mixin.py:104} INFO - --- waiting ---
[2024-06-30 08:31:26,240] {logging_mixin.py:104} INFO - wrote file: m9b.html
[2024-06-30 08:31:26,240] {logging_mixin.py:104} INFO - pulled: m9b.html
[2024-06-30 08:31:26,241] {logging_mixin.py:104} INFO - --- waiting ---
[2024-06-30 08:31:42,244] {logging_mixin.py:104} INFO - wrote file: m10a.html
[2024-06-30 08:31:42,245] {logging_mixin.py:104} INFO - pulled: m10a.html
[2024-06-30 08:31:42,245] {logging_mixin.py:104} INFO - --- waiting ---
[2024-06-30 08:31:57,854] {logging_mixin.py:104} INFO - wrote file: m10b.html
[2024-06-30 08:31:57,855] {logging_mixin.py:104} INFO - pulled: m10b.html
[2024-06-30 08:31:57,855] {logging_mixin.py:104} INFO - --- waiting ---
[2024-06-30 08:32:13,082] {taskinstance.py:1501} ERROR - Task failed with exception
Traceback (most recent call last):
  File "/home/airflow/.local/lib/python3.6/site-packages/airflow/models/taskinstance.py", line 1157, in _run_raw_task
    self._prepare_and_execute_task_with_callbacks(context, task)
  File "/home/airflow/.local/lib/python3.6/site-packages/airflow/models/taskinstance.py", line 1331, in _prepare_and_execute_task_with_callbacks
    result = self._execute_task(context, task_copy)
  File "/home/airflow/.local/lib/python3.6/site-packages/airflow/models/taskinstance.py", line 1361, in _execute_task
    result = task_copy.execute(context=context)
  File "/home/airflow/.local/lib/python3.6/site-packages/airflow/operators/python.py", line 150, in execute
    return_value = self.execute_callable()
  File "/home/airflow/.local/lib/python3.6/site-packages/airflow/operators/python.py", line 161, in execute_callable
    return self.python_callable(*self.op_args, **self.op_kwargs)
  File "/opt/airflow/dags/assignment.py", line 79, in catalog
    data = pull(url)
  File "/opt/airflow/dags/assignment.py", line 16, in pull
    response = urllib.request.urlopen(url).read()
  File "/usr/local/lib/python3.6/urllib/request.py", line 223, in urlopen
    return opener.open(url, data, timeout)
  File "/usr/local/lib/python3.6/urllib/request.py", line 532, in open
    response = meth(req, response)
  File "/usr/local/lib/python3.6/urllib/request.py", line 642, in http_response
    'http', request, response, code, msg, hdrs)
  File "/usr/local/lib/python3.6/urllib/request.py", line 570, in error
    return self._call_chain(*args)
  File "/usr/local/lib/python3.6/urllib/request.py", line 504, in _call_chain
    result = func(*args)
  File "/usr/local/lib/python3.6/urllib/request.py", line 650, in http_error_default
    raise HTTPError(req.full_url, code, msg, hdrs, fp)
urllib.error.HTTPError: HTTP Error 404: Not Found
[2024-06-30 08:32:13,090] {taskinstance.py:1551} INFO - Marking task as FAILED. dag_id=assignment, task_id=task_one, execution_date=20240629T000000, start_date=20240630T082509, end_date=20240630T083213
[2024-06-30 08:32:13,126] {local_task_job.py:151} INFO - Task exited with return code 1
