[2025-03-16 06:49:56,798] {taskinstance.py:896} INFO - Dependencies all met for <TaskInstance: assignment.task_three 2024-11-27T00:00:00+00:00 [queued]>
[2025-03-16 06:49:56,813] {taskinstance.py:896} INFO - Dependencies all met for <TaskInstance: assignment.task_three 2024-11-27T00:00:00+00:00 [queued]>
[2025-03-16 06:49:56,813] {taskinstance.py:1087} INFO - 
--------------------------------------------------------------------------------
[2025-03-16 06:49:56,813] {taskinstance.py:1088} INFO - Starting attempt 1 of 1
[2025-03-16 06:49:56,814] {taskinstance.py:1089} INFO - 
--------------------------------------------------------------------------------
[2025-03-16 06:49:56,820] {taskinstance.py:1107} INFO - Executing <Task(PythonOperator): task_three> on 2024-11-27T00:00:00+00:00
[2025-03-16 06:49:56,824] {standard_task_runner.py:52} INFO - Started process 188 to run task
[2025-03-16 06:49:56,826] {standard_task_runner.py:76} INFO - Running: ['***', 'tasks', 'run', 'assignment', 'task_three', '2024-11-27T00:00:00+00:00', '--job-id', '45', '--pool', 'default_pool', '--raw', '--subdir', 'DAGS_FOLDER/assignment.py', '--cfg-path', '/tmp/tmpbjqy4bh5', '--error-file', '/tmp/tmpm7bw2p_u']
[2025-03-16 06:49:56,827] {standard_task_runner.py:77} INFO - Job 45: Subtask task_three
[2025-03-16 06:49:56,859] {logging_mixin.py:104} INFO - Running <TaskInstance: assignment.task_three 2024-11-27T00:00:00+00:00 [running]> on host 4ecec8cb0ca2
[2025-03-16 06:49:56,897] {taskinstance.py:1302} INFO - Exporting the following env vars:
AIRFLOW_CTX_DAG_OWNER=***
AIRFLOW_CTX_DAG_ID=assignment
AIRFLOW_CTX_TASK_ID=task_three
AIRFLOW_CTX_EXECUTION_DATE=2024-11-27T00:00:00+00:00
AIRFLOW_CTX_DAG_RUN_ID=scheduled__2024-11-27T00:00:00+00:00
[2025-03-16 06:49:57,697] {logging_mixin.py:104} INFO - wrote file: titles.json
[2025-03-16 06:49:57,697] {python.py:151} INFO - Done. Returned value was: None
[2025-03-16 06:49:57,707] {taskinstance.py:1211} INFO - Marking task as SUCCESS. dag_id=assignment, task_id=task_three, execution_date=20241127T000000, start_date=20250316T064956, end_date=20250316T064957
[2025-03-16 06:49:57,733] {taskinstance.py:1265} INFO - 1 downstream tasks scheduled from follow-on schedule check
[2025-03-16 06:49:57,763] {local_task_job.py:151} INFO - Task exited with return code 0
